  2024-03-11 05:39:06 App\Jobs\Message ............................... RUNNING
  2024-03-11 05:39:06 App\Jobs\Message ............................... RUNNING
  2024-03-11 05:39:08 App\Jobs\Message ............................... 1s FAIL
  2024-03-11 05:39:08 App\Jobs\Message ............................... 1s FAIL
  2024-03-11 05:39:08 App\Jobs\Message ............................... RUNNING
  2024-03-11 05:39:08 App\Jobs\Message ............................... RUNNING
  2024-03-11 05:39:09 App\Jobs\Message ............................... 1s FAIL
  2024-03-11 05:39:09 App\Jobs\Message ............................... RUNNING
  2024-03-11 05:39:09 App\Jobs\Message ............................... 1s FAIL
  2024-03-11 05:39:09 App\Jobs\Message ............................... RUNNING
  2024-03-11 05:39:10 App\Jobs\Message ............................... 1s FAIL
  2024-03-11 05:39:10 App\Jobs\Message ............................... 1s FAIL
  2024-03-11 05:41:04 App\Jobs\Message ............................... RUNNING
  2024-03-11 05:41:04 App\Jobs\Message ............................... RUNNING
  2024-03-11 05:41:05 App\Jobs\Message ............................... 1s DONE
  2024-03-11 05:41:05 App\Jobs\Message ............................... 1s DONE
  2024-03-11 05:46:30 App\Jobs\Message ............................... RUNNING
  2024-03-11 05:46:30 App\Jobs\Message ............................... RUNNING
  2024-03-11 05:46:30 App\Jobs\Message ......................... 625.24ms DONE
  2024-03-11 05:46:30 App\Jobs\Message ......................... 635.08ms DONE
  2024-03-11 05:46:33 App\Jobs\Status ................................ RUNNING
  2024-03-11 05:46:33 App\Jobs\Status ................................ RUNNING
  2024-03-11 05:46:33 App\Jobs\Status ........................... 20.21ms DONE
  2024-03-11 05:46:33 App\Jobs\Status ........................... 26.29ms DONE
  2024-03-11 05:46:36 App\Jobs\Status ................................ RUNNING
  2024-03-11 05:46:36 App\Jobs\Status ........................... 20.15ms DONE
  2024-03-11 05:46:36 App\Jobs\Status ................................ RUNNING
  2024-03-11 05:46:37 App\Jobs\Status ........................... 19.19ms DONE
  2024-03-11 05:46:39 App\Jobs\Status ................................ RUNNING
  2024-03-11 05:46:40 App\Jobs\Status ........................... 22.01ms DONE
  2024-03-11 05:46:43 App\Jobs\Status ................................ RUNNING
  2024-03-11 05:46:43 App\Jobs\Status ........................... 23.36ms DONE
  2024-03-11 06:06:05 App\Jobs\Message ............................... RUNNING
  2024-03-11 06:06:05 App\Jobs\Message ......................... 474.27ms DONE
  2024-03-11 06:06:08 App\Jobs\Status ................................ RUNNING
  2024-03-11 06:06:08 App\Jobs\Status ........................... 21.92ms DONE
  2024-03-11 06:06:11 App\Jobs\Status ................................ RUNNING
  2024-03-11 06:06:11 App\Jobs\Status ........................... 29.68ms DONE
  2024-03-11 06:06:11 App\Jobs\Status ................................ RUNNING
  2024-03-11 06:06:11 App\Jobs\Status ........................... 20.90ms DONE
  2024-03-11 07:22:39 App\Jobs\Message ............................... RUNNING
  2024-03-11 07:22:40 App\Jobs\Message ............................... RUNNING
  2024-03-11 07:22:42 App\Jobs\Message ............................... 2s DONE
  2024-03-11 07:22:42 App\Jobs\Message ............................... 1s DONE
  2024-03-11 07:24:42 App\Jobs\Message ............................... RUNNING
  2024-03-11 07:24:42 App\Jobs\Message ............................... RUNNING
  2024-03-11 07:24:43 App\Jobs\Message ............................... 1s DONE
  2024-03-11 07:24:43 App\Jobs\Message ............................... 1s DONE
  2024-03-11 07:24:44 App\Jobs\Status ................................ RUNNING
  2024-03-11 07:24:44 App\Jobs\Status ................................ RUNNING
  2024-03-11 07:24:44 App\Jobs\Status ........................... 24.17ms DONE
  2024-03-11 07:24:44 App\Jobs\Status ........................... 24.31ms DONE
  2024-03-11 07:29:13 App\Jobs\Message ............................... RUNNING
  2024-03-11 07:29:14 App\Jobs\Message ............................... RUNNING
  2024-03-11 07:29:14 App\Jobs\Message ......................... 581.95ms DONE
  2024-03-11 07:29:14 App\Jobs\Message ......................... 477.78ms DONE
  2024-03-11 07:29:17 App\Jobs\Status ................................ RUNNING
  2024-03-11 07:29:17 App\Jobs\Status ........................... 22.07ms DONE
  2024-03-11 07:29:17 App\Jobs\Status ................................ RUNNING
  2024-03-11 07:29:17 App\Jobs\Status ........................... 20.04ms DONE
  2024-03-11 07:40:51 App\Jobs\Message ............................... RUNNING
  2024-03-11 07:40:51 App\Jobs\Message ............................... RUNNING
  2024-03-11 07:40:52 App\Jobs\Message ......................... 482.24ms DONE
  2024-03-11 07:40:52 App\Jobs\Message ......................... 518.41ms DONE
  2024-03-11 07:40:53 App\Jobs\Status ................................ RUNNING
  2024-03-11 07:40:53 App\Jobs\Status ........................... 28.56ms DONE
  2024-03-11 07:40:53 App\Jobs\Status ................................ RUNNING
  2024-03-11 07:40:53 App\Jobs\Status ........................... 22.00ms DONE
  2024-03-11 07:42:38 App\Jobs\Message ............................... RUNNING
  2024-03-11 07:42:38 App\Jobs\Message ............................... RUNNING
  2024-03-11 07:42:39 App\Jobs\Message ......................... 559.80ms DONE
  2024-03-11 07:42:39 App\Jobs\Message ......................... 435.31ms DONE
  2024-03-11 07:42:41 App\Jobs\Status ................................ RUNNING
  2024-03-11 07:42:41 App\Jobs\Status ........................... 24.73ms DONE
  2024-03-11 07:42:41 App\Jobs\Status ................................ RUNNING
  2024-03-11 07:42:41 App\Jobs\Status ........................... 17.77ms DONE
  2024-03-11 07:42:43 App\Jobs\Status ................................ RUNNING
  2024-03-11 07:42:43 App\Jobs\Status ........................... 22.05ms DONE
  2024-03-11 07:42:44 App\Jobs\Status ................................ RUNNING
  2024-03-11 07:42:44 App\Jobs\Status ........................... 18.00ms DONE
  2024-03-11 07:42:47 App\Jobs\Status ................................ RUNNING
  2024-03-11 07:42:47 App\Jobs\Status ........................... 19.16ms DONE
  2024-03-11 07:45:24 App\Jobs\Message ............................... RUNNING
  2024-03-11 07:45:24 App\Jobs\Message ............................... RUNNING
  2024-03-11 07:45:25 App\Jobs\Message ......................... 717.47ms DONE
  2024-03-11 07:45:25 App\Jobs\Message ......................... 723.59ms DONE
  2024-03-11 07:45:27 App\Jobs\Status ................................ RUNNING
  2024-03-11 07:45:27 App\Jobs\Status ........................... 22.00ms DONE
  2024-03-11 07:45:27 App\Jobs\Status ................................ RUNNING
  2024-03-11 07:45:27 App\Jobs\Status ........................... 16.44ms DONE
  2024-03-11 07:45:30 App\Jobs\Status ................................ RUNNING
  2024-03-11 07:45:30 App\Jobs\Status ........................... 24.92ms DONE
  2024-03-11 07:51:21 App\Jobs\Message ............................... RUNNING
  2024-03-11 07:51:21 App\Jobs\Message ............................... RUNNING
  2024-03-11 07:51:22 App\Jobs\Message ......................... 520.29ms DONE
  2024-03-11 07:51:22 App\Jobs\Message ......................... 412.02ms DONE
  2024-03-11 07:51:22 App\Jobs\Status ................................ RUNNING
  2024-03-11 07:51:22 App\Jobs\Status ................................ RUNNING
  2024-03-11 07:51:22 App\Jobs\Status ........................... 29.71ms DONE
  2024-03-11 07:51:22 App\Jobs\Status ........................... 31.31ms DONE
  2024-03-11 07:52:25 App\Jobs\Message ............................... RUNNING
  2024-03-11 07:52:25 App\Jobs\Message ............................... RUNNING
  2024-03-11 07:52:25 App\Jobs\Message ......................... 449.82ms DONE
  2024-03-11 07:52:25 App\Jobs\Message ......................... 449.31ms DONE
  2024-03-11 07:52:27 App\Jobs\Status ................................ RUNNING
  2024-03-11 07:52:27 App\Jobs\Status ........................... 36.70ms DONE
  2024-03-11 07:52:27 App\Jobs\Status ................................ RUNNING
  2024-03-11 07:52:27 App\Jobs\Status ........................... 22.88ms DONE
  2024-03-11 07:52:27 App\Jobs\Status ................................ RUNNING
  2024-03-11 07:52:27 App\Jobs\Status ........................... 19.83ms DONE
  2024-03-11 07:52:27 App\Jobs\Status ................................ RUNNING
  2024-03-11 07:52:27 App\Jobs\Status ........................... 23.92ms DONE
  2024-03-11 07:52:30 App\Jobs\Status ................................ RUNNING
  2024-03-11 07:52:30 App\Jobs\Status ........................... 16.30ms DONE
  2024-03-11 07:52:33 App\Jobs\Status ................................ RUNNING
  2024-03-11 07:52:33 App\Jobs\Status ........................... 22.54ms DONE
  2024-03-11 09:32:52 App\Jobs\Message ............................... RUNNING
  2024-03-11 09:32:54 App\Jobs\Message ............................... 1s DONE
  2024-03-11 09:32:56 App\Jobs\Status ................................ RUNNING
  2024-03-11 09:32:56 App\Jobs\Status ........................... 22.39ms DONE
  2024-03-11 09:32:59 App\Jobs\Status ................................ RUNNING
  2024-03-11 09:32:59 App\Jobs\Status ........................... 88.12ms DONE
  2024-03-11 09:33:35 App\Jobs\Status ................................ RUNNING
  2024-03-11 09:33:35 App\Jobs\Status ........................... 19.77ms DONE
  2024-03-11 09:39:06 App\Jobs\Message ............................... RUNNING
  2024-03-11 09:39:08 App\Jobs\Message ............................... 2s DONE
  2024-03-11 09:39:09 App\Jobs\Status ................................ RUNNING
  2024-03-11 09:39:09 App\Jobs\Status ........................... 25.36ms DONE
  2024-03-11 09:39:17 App\Jobs\Status ................................ RUNNING
  2024-03-11 09:39:17 App\Jobs\Status ........................... 24.93ms DONE
  2024-03-11 09:39:32 App\Jobs\Status ................................ RUNNING
  2024-03-11 09:39:32 App\Jobs\Status ........................... 47.57ms DONE
  2024-03-11 09:40:50 App\Jobs\Message ............................... RUNNING
  2024-03-11 09:40:51 App\Jobs\Message ............................... 1s DONE
  2024-03-11 09:40:53 App\Jobs\Status ................................ RUNNING
  2024-03-11 09:40:53 App\Jobs\Status ........................... 18.47ms DONE
  2024-03-11 09:40:56 App\Jobs\Status ................................ RUNNING
  2024-03-11 09:40:56 App\Jobs\Status ........................... 26.11ms DONE
  2024-03-11 09:59:39 App\Jobs\Status ................................ RUNNING
  2024-03-11 09:59:39 App\Jobs\Status ........................... 18.19ms DONE
  2024-03-11 10:27:39 App\Jobs\Message ............................... RUNNING
  2024-03-11 10:27:42 App\Jobs\Message ............................... 2s DONE
  2024-03-11 10:27:44 App\Jobs\Status ................................ RUNNING
  2024-03-11 10:27:44 App\Jobs\Status ........................... 25.35ms DONE
  2024-03-11 10:27:47 App\Jobs\Status ................................ RUNNING
  2024-03-11 10:27:47 App\Jobs\Status ........................... 19.90ms DONE
  2024-03-11 10:27:53 App\Jobs\Status ................................ RUNNING
  2024-03-11 10:27:53 App\Jobs\Status ........................... 24.73ms DONE
  2024-03-11 10:35:31 App\Jobs\Message ............................... RUNNING
  2024-03-11 10:35:33 App\Jobs\Message ............................... 1s DONE
  2024-03-11 10:35:34 App\Jobs\Status ................................ RUNNING
  2024-03-11 10:35:34 App\Jobs\Status ........................... 23.38ms DONE
  2024-03-11 10:35:36 App\Jobs\Status ................................ RUNNING
  2024-03-11 10:35:36 App\Jobs\Status ........................... 20.30ms DONE
  2024-03-11 10:35:46 App\Jobs\Status ................................ RUNNING
  2024-03-11 10:35:46 App\Jobs\Status ........................... 33.30ms DONE
  2024-03-11 12:57:55 App\Jobs\Message ............................... RUNNING
  2024-03-11 12:57:57 App\Jobs\Message ............................... 2s DONE
  2024-03-11 12:57:59 App\Jobs\Status ................................ RUNNING
  2024-03-11 12:57:59 App\Jobs\Status ........................... 22.01ms DONE
  2024-03-11 12:58:02 App\Jobs\Status ................................ RUNNING
  2024-03-11 12:58:02 App\Jobs\Status ........................... 21.23ms DONE
  2024-03-11 13:00:30 App\Jobs\Status ................................ RUNNING
  2024-03-11 13:00:30 App\Jobs\Status ........................... 21.48ms DONE
  2024-03-11 13:15:28 App\Jobs\Message ............................... RUNNING
  2024-03-11 13:15:29 App\Jobs\Message ............................... 1s DONE
  2024-03-11 13:15:31 App\Jobs\Status ................................ RUNNING
  2024-03-11 13:15:31 App\Jobs\Status ........................... 23.69ms DONE
  2024-03-11 13:15:36 App\Jobs\Status ................................ RUNNING
  2024-03-11 13:15:36 App\Jobs\Status ........................... 20.67ms DONE
  2024-03-11 13:15:42 App\Jobs\Message ............................... RUNNING
  2024-03-11 13:15:43 App\Jobs\Message ......................... 447.10ms DONE
  2024-03-11 13:15:44 App\Jobs\Status ................................ RUNNING
  2024-03-11 13:15:44 App\Jobs\Status ........................... 19.98ms DONE
  2024-03-11 13:15:47 App\Jobs\Status ................................ RUNNING
  2024-03-11 13:15:47 App\Jobs\Status ........................... 18.10ms DONE
  2024-03-11 13:15:56 App\Jobs\Status ................................ RUNNING
  2024-03-11 13:15:56 App\Jobs\Status ........................... 19.64ms DONE
  2024-03-11 13:15:56 App\Jobs\Status ................................ RUNNING
  2024-03-11 13:15:57 App\Jobs\Status ........................... 16.30ms DONE
  2024-03-25 07:30:35 App\Jobs\Message ............................... RUNNING
  2024-03-25 07:30:35 App\Jobs\Message ............................... RUNNING
  2024-03-25 07:30:36 App\Jobs\Message ............................... 1s DONE
  2024-03-25 07:30:36 App\Jobs\Message ......................... 913.89ms DONE
  2024-03-25 07:30:38 App\Jobs\Status ................................ RUNNING
  2024-03-25 07:30:38 App\Jobs\Status ........................... 25.88ms DONE
  2024-03-25 07:30:38 App\Jobs\Status ................................ RUNNING
  2024-03-25 07:30:38 App\Jobs\Status ........................... 23.22ms DONE
  2024-03-25 07:30:42 App\Jobs\Status ................................ RUNNING
  2024-03-25 07:30:42 App\Jobs\Status ........................... 22.76ms DONE
  2024-03-25 07:30:42 App\Jobs\Status ................................ RUNNING
  2024-03-25 07:30:42 App\Jobs\Status ........................... 17.48ms DONE
  2024-03-25 07:30:44 App\Jobs\Status ................................ RUNNING
  2024-03-25 07:30:44 App\Jobs\Status ........................... 24.31ms DONE
  2024-03-25 07:31:00 App\Jobs\Status ................................ RUNNING
  2024-03-25 07:31:00 App\Jobs\Status ........................... 20.00ms DONE
  2024-03-25 10:24:11 App\Jobs\Message ............................... RUNNING
  2024-03-25 10:24:11 App\Jobs\Message ............................... RUNNING
  2024-03-25 10:24:12 App\Jobs\Message ......................... 735.59ms DONE
  2024-03-25 10:24:12 App\Jobs\Message ............................... 1s DONE
  2024-03-25 10:24:13 App\Jobs\Status ................................ RUNNING
  2024-03-25 10:24:13 App\Jobs\Status ........................... 20.38ms DONE
  2024-03-25 10:24:13 App\Jobs\Status ................................ RUNNING
  2024-03-25 10:24:13 App\Jobs\Status ........................... 15.64ms DONE
  2024-03-25 10:26:18 App\Jobs\Message ............................... RUNNING
  2024-03-25 10:26:18 App\Jobs\Message ............................... RUNNING
  2024-03-25 10:26:19 App\Jobs\Message ............................... 1s DONE
  2024-03-25 10:26:19 App\Jobs\Message ............................... 1s DONE
  2024-03-25 10:26:20 App\Jobs\Status ................................ RUNNING
  2024-03-25 10:26:21 App\Jobs\Status ................................ RUNNING
  2024-03-25 10:26:21 App\Jobs\Status ........................... 27.82ms DONE
  2024-03-25 10:26:21 App\Jobs\Status ........................... 26.10ms DONE
  2024-03-25 10:28:42 App\Jobs\Message ............................... RUNNING
  2024-03-25 10:28:42 App\Jobs\Message ............................... RUNNING
  2024-03-25 10:28:42 App\Jobs\Message ......................... 448.86ms DONE
  2024-03-25 10:28:42 App\Jobs\Message ......................... 455.30ms DONE
  2024-03-25 10:28:43 App\Jobs\Status ................................ RUNNING
  2024-03-25 10:28:43 App\Jobs\Status ................................ RUNNING
  2024-03-25 10:28:43 App\Jobs\Status ........................... 21.35ms DONE
  2024-03-25 10:28:43 App\Jobs\Status ........................... 22.52ms DONE
  2024-03-25 10:31:20 App\Jobs\Message ............................... RUNNING
  2024-03-25 10:31:20 App\Jobs\Message ............................... RUNNING
  2024-03-25 10:31:20 App\Jobs\Message ......................... 591.31ms DONE
  2024-03-25 10:31:20 App\Jobs\Message ......................... 647.57ms DONE
  2024-03-25 10:31:21 App\Jobs\Status ................................ RUNNING
  2024-03-25 10:31:21 App\Jobs\Status ........................... 26.50ms DONE
  2024-03-25 10:31:21 App\Jobs\Status ................................ RUNNING
  2024-03-25 10:31:21 App\Jobs\Status ........................... 17.03ms DONE
  2024-03-25 10:31:57 App\Jobs\Message ............................... RUNNING
  2024-03-25 10:31:57 App\Jobs\Message ............................... RUNNING
  2024-03-25 10:31:59 App\Jobs\Message ............................... 1s DONE
  2024-03-25 10:31:59 App\Jobs\Message ............................... 1s DONE
  2024-03-25 10:32:00 App\Jobs\Status ................................ RUNNING
  2024-03-25 10:32:00 App\Jobs\Status ................................ RUNNING
  2024-03-25 10:32:00 App\Jobs\Status ........................... 19.30ms DONE
  2024-03-25 10:32:00 App\Jobs\Status ........................... 18.43ms DONE
  2024-03-25 10:32:03 App\Jobs\Status ................................ RUNNING
  2024-03-25 10:32:03 App\Jobs\Status ........................... 16.84ms DONE
  2024-03-25 10:32:05 App\Jobs\Status ................................ RUNNING
  2024-03-25 10:32:05 App\Jobs\Status ........................... 21.63ms DONE
  2024-03-25 10:32:11 App\Jobs\Status ................................ RUNNING
  2024-03-25 10:32:11 App\Jobs\Status ................................ RUNNING
  2024-03-25 10:32:11 App\Jobs\Status ........................... 36.64ms DONE
  2024-03-25 10:32:11 App\Jobs\Status ........................... 33.72ms DONE
  2024-03-25 11:01:16 App\Jobs\Message ............................... RUNNING
  2024-03-25 11:01:17 App\Jobs\Message ............................... RUNNING
  2024-03-25 11:01:18 App\Jobs\Message ............................... 1s DONE
  2024-03-25 11:01:18 App\Jobs\Message ......................... 423.07ms DONE
  2024-03-25 11:01:21 App\Jobs\Status ................................ RUNNING
  2024-03-25 11:01:21 App\Jobs\Status ................................ RUNNING
  2024-03-25 11:01:21 App\Jobs\Status ........................... 26.59ms DONE
  2024-03-25 11:01:21 App\Jobs\Status ........................... 29.93ms DONE
  2024-03-25 11:01:24 App\Jobs\Status ................................ RUNNING
  2024-03-25 11:01:24 App\Jobs\Status ................................ RUNNING
  2024-03-25 11:01:24 App\Jobs\Status ........................... 22.48ms DONE
  2024-03-25 11:01:24 App\Jobs\Status ........................... 22.48ms DONE
  2024-03-25 11:01:48 App\Jobs\Message ............................... RUNNING
  2024-03-25 11:01:48 App\Jobs\Message ............................... RUNNING
  2024-03-25 11:01:49 App\Jobs\Message ............................... 1s DONE
  2024-03-25 11:01:49 App\Jobs\Message ............................... 1s DONE
  2024-03-25 11:01:51 App\Jobs\Status ................................ RUNNING
  2024-03-25 11:01:51 App\Jobs\Status ........................... 23.33ms DONE
  2024-03-25 11:01:51 App\Jobs\Status ................................ RUNNING
  2024-03-25 11:01:51 App\Jobs\Status ........................... 18.57ms DONE
  2024-03-25 11:01:52 App\Jobs\Status ................................ RUNNING
  2024-03-25 11:01:52 App\Jobs\Status ........................... 15.74ms DONE
  2024-03-25 11:01:54 App\Jobs\Status ................................ RUNNING
  2024-03-25 11:01:54 App\Jobs\Status ........................... 19.37ms DONE
  2024-03-25 11:02:03 App\Jobs\Status ................................ RUNNING
  2024-03-25 11:02:03 App\Jobs\Status ........................... 16.94ms DONE
  2024-03-25 11:02:03 App\Jobs\Status ................................ RUNNING
  2024-03-25 11:02:03 App\Jobs\Status ................................ RUNNING
  2024-03-25 11:02:03 App\Jobs\Status ........................... 30.40ms DONE
  2024-03-25 11:02:03 App\Jobs\Status ........................... 32.45ms DONE
  2024-03-25 11:02:04 App\Jobs\Status ................................ RUNNING
  2024-03-25 11:02:04 App\Jobs\Status ........................... 24.10ms DONE
  2024-03-25 11:35:02 App\Jobs\Message ............................... RUNNING
  2024-03-25 11:35:04 App\Jobs\Message ............................... 2s DONE
  2024-03-25 11:35:06 App\Jobs\Status ................................ RUNNING
  2024-03-25 11:35:06 App\Jobs\Status ........................... 26.19ms DONE
  2024-03-25 11:35:09 App\Jobs\Status ................................ RUNNING
  2024-03-25 11:35:09 App\Jobs\Status ........................... 19.54ms DONE
  2024-03-25 11:35:09 App\Jobs\Status ................................ RUNNING
  2024-03-25 11:35:09 App\Jobs\Status ........................... 21.17ms DONE
  2024-03-25 12:50:05 App\Jobs\Message ............................... RUNNING
  2024-03-25 12:50:07 App\Jobs\Message ............................... 2s DONE
  2024-03-25 12:50:08 App\Jobs\Status ................................ RUNNING
  2024-03-25 12:50:09 App\Jobs\Status ........................... 23.17ms DONE
  2024-03-25 12:50:12 App\Jobs\Status ................................ RUNNING
  2024-03-25 12:50:12 App\Jobs\Status ........................... 24.52ms DONE
  2024-03-25 15:49:41 App\Jobs\Status ................................ RUNNING
  2024-03-25 15:49:41 App\Jobs\Status ........................... 26.41ms DONE
  2024-03-26 15:19:47 App\Jobs\Message ............................... RUNNING
  2024-03-26 15:19:49 App\Jobs\Message ............................... 1s DONE
  2024-03-26 15:19:51 App\Jobs\Status ................................ RUNNING
  2024-03-26 15:19:51 App\Jobs\Status ........................... 24.16ms DONE
  2024-03-26 15:19:55 App\Jobs\Status ................................ RUNNING
  2024-03-26 15:19:55 App\Jobs\Status ........................... 22.59ms DONE
  2024-03-26 15:20:02 App\Jobs\Status ................................ RUNNING
  2024-03-26 15:20:02 App\Jobs\Status ........................... 30.51ms DONE
  2024-03-27 04:25:38 App\Jobs\Message ............................... RUNNING
  2024-03-27 04:25:39 App\Jobs\Message ............................... 1s DONE
  2024-03-27 04:25:41 App\Jobs\Status ................................ RUNNING
  2024-03-27 04:25:41 App\Jobs\Status ........................... 24.51ms DONE
  2024-03-27 04:25:45 App\Jobs\Status ................................ RUNNING
  2024-03-27 04:25:45 App\Jobs\Status ........................... 24.93ms DONE
  2024-03-27 04:26:48 App\Jobs\Message ............................... RUNNING
  2024-03-27 04:26:50 App\Jobs\Message ............................... 1s DONE
  2024-03-27 04:26:51 App\Jobs\Status ................................ RUNNING
  2024-03-27 04:26:51 App\Jobs\Status ........................... 23.07ms DONE
  2024-03-27 04:26:54 App\Jobs\Status ................................ RUNNING
  2024-03-27 04:26:54 App\Jobs\Status ........................... 16.39ms DONE
  2024-03-27 04:31:29 App\Jobs\Message ............................... RUNNING
  2024-03-27 04:31:29 App\Jobs\Message ......................... 499.32ms DONE
  2024-03-27 04:31:30 App\Jobs\Status ................................ RUNNING
  2024-03-27 04:31:30 App\Jobs\Status ........................... 21.65ms DONE
  2024-03-27 04:31:33 App\Jobs\Status ................................ RUNNING
  2024-03-27 04:31:33 App\Jobs\Status ........................... 29.01ms DONE
  2024-03-27 04:32:09 App\Jobs\Message ............................... RUNNING
  2024-03-27 04:32:11 App\Jobs\Message ............................... 1s DONE
  2024-03-27 04:32:12 App\Jobs\Status ................................ RUNNING
  2024-03-27 04:32:12 App\Jobs\Status ........................... 19.15ms DONE
  2024-03-27 04:32:20 App\Jobs\Status ................................ RUNNING
  2024-03-27 04:32:20 App\Jobs\Status ........................... 23.67ms DONE
  2024-03-27 04:32:32 App\Jobs\Status ................................ RUNNING
  2024-03-27 04:32:32 App\Jobs\Status ........................... 24.73ms DONE
  2024-03-27 04:34:52 App\Jobs\Message ............................... RUNNING
  2024-03-27 04:34:52 App\Jobs\Message ......................... 473.32ms DONE
  2024-03-27 04:34:53 App\Jobs\Status ................................ RUNNING
  2024-03-27 04:34:53 App\Jobs\Status ........................... 25.91ms DONE
  2024-03-27 04:34:56 App\Jobs\Status ................................ RUNNING
  2024-03-27 04:34:56 App\Jobs\Status ........................... 25.01ms DONE
  2024-03-27 04:37:13 App\Jobs\Message ............................... RUNNING
  2024-03-27 04:37:13 App\Jobs\Message ......................... 540.78ms DONE
  2024-03-27 04:37:15 App\Jobs\Status ................................ RUNNING
  2024-03-27 04:37:15 App\Jobs\Status ........................... 18.18ms DONE
  2024-03-27 04:37:24 App\Jobs\Status ................................ RUNNING
  2024-03-27 04:37:24 App\Jobs\Status ........................... 25.95ms DONE
  2024-03-27 04:37:34 App\Jobs\Status ................................ RUNNING
  2024-03-27 04:37:34 App\Jobs\Status ........................... 19.18ms DONE
  2024-04-01 06:07:38 App\Jobs\Message ............................... RUNNING
  2024-04-01 06:07:40 App\Jobs\Message ............................... 1s DONE
  2024-04-01 06:07:42 App\Jobs\Status ................................ RUNNING
  2024-04-01 06:07:42 App\Jobs\Status ........................... 35.69ms DONE
  2024-04-01 06:07:46 App\Jobs\Status ................................ RUNNING
  2024-04-01 06:07:46 App\Jobs\Status ........................... 28.06ms DONE
  2024-04-01 06:07:56 App\Jobs\Status ................................ RUNNING
  2024-04-01 06:07:56 App\Jobs\Status ........................... 28.61ms DONE
  2024-04-27 07:14:16 App\Jobs\Message ............................... RUNNING
  2024-04-27 07:14:17 App\Jobs\Message ............................... RUNNING
  2024-04-27 07:14:19 App\Jobs\Message  2024-04-27 07:14:19 App\Jobs\Message ............................... 2s DONE
 ............................... 2s DONE
  2024-04-27 09:03:44 App\Jobs\Message ............................... RUNNING
  2024-04-27 09:03:44 App\Jobs\Message ............................... RUNNING
  2024-04-27 09:03:46 App\Jobs\Message ............................... 1s DONE
  2024-04-27 09:03:46 App\Jobs\Message ............................... 1s DONE
  2024-05-05 14:47:33 App\Jobs\Message ............................... RUNNING
  2024-05-05 14:47:36 App\Jobs\Message ............................... 2s DONE
  2024-05-05 14:47:38 App\Jobs\Status ................................ RUNNING
  2024-05-05 14:47:38 App\Jobs\Status ........................... 25.52ms DONE
  2024-05-10 05:58:53 App\Jobs\Message ............................... RUNNING
  2024-05-10 05:58:54 App\Jobs\Message ......................... 704.85ms DONE
  2024-05-10 06:06:54 App\Jobs\Message ............................... RUNNING
  2024-05-10 06:06:55 App\Jobs\Message ......................... 780.63ms DONE
  2024-05-10 06:06:57 App\Jobs\Status ................................ RUNNING
  2024-05-10 06:06:57 App\Jobs\Status ........................... 23.56ms DONE
  2024-05-10 06:07:06 App\Jobs\Status ................................ RUNNING
  2024-05-10 06:07:06 App\Jobs\Status ........................... 20.88ms DONE
  2024-05-10 06:07:39 App\Jobs\Status ................................ RUNNING
  2024-05-10 06:07:39 App\Jobs\Status ........................... 22.17ms DONE
  2024-05-10 06:15:43 App\Jobs\Message ............................... RUNNING
  2024-05-10 06:15:45 App\Jobs\Message ............................... 1s DONE
  2024-05-10 06:15:47 App\Jobs\Status ................................ RUNNING
  2024-05-10 06:15:47 App\Jobs\Status ........................... 23.72ms DONE
  2024-05-10 06:15:52 App\Jobs\Status ................................ RUNNING
  2024-05-10 06:15:52 App\Jobs\Status ........................... 17.27ms DONE
  2024-05-10 06:16:15 App\Jobs\Status ................................ RUNNING
  2024-05-10 06:16:15 App\Jobs\Status ........................... 22.27ms DONE
  2024-05-16 10:19:00 App\Jobs\Message ............................... RUNNING
  2024-05-16 10:19:01 App\Jobs\Message ............................... 1s DONE
  2024-05-16 10:19:04 App\Jobs\Status ................................ RUNNING
  2024-05-16 10:19:04 App\Jobs\Status ........................... 23.23ms DONE
  2024-05-16 10:19:10 App\Jobs\Status ................................ RUNNING
  2024-05-16 10:19:10 App\Jobs\Status ........................... 19.67ms DONE
  2024-05-16 10:19:16 App\Jobs\Status ................................ RUNNING
  2024-05-16 10:19:16 App\Jobs\Status ........................... 23.00ms DONE
  2024-05-16 10:22:28 App\Jobs\Message ............................... RUNNING
  2024-05-16 10:22:29 App\Jobs\Message ......................... 860.66ms DONE
  2024-05-16 10:22:31 App\Jobs\Status ................................ RUNNING
  2024-05-16 10:22:31 App\Jobs\Status ........................... 18.83ms DONE
  2024-05-16 10:23:17 App\Jobs\Message ............................... RUNNING
  2024-05-16 10:23:18 App\Jobs\Message ......................... 441.93ms DONE
  2024-05-16 10:23:20 App\Jobs\Status ................................ RUNNING
  2024-05-16 10:23:20 App\Jobs\Status ........................... 22.07ms DONE
  2024-05-16 10:23:24 App\Jobs\Status ................................ RUNNING
  2024-05-16 10:23:24 App\Jobs\Status ........................... 27.75ms DONE
  2024-05-16 10:23:24 App\Jobs\Status ................................ RUNNING
  2024-05-16 10:23:24 App\Jobs\Status ........................... 24.41ms DONE
  2024-05-20 06:38:40 App\Jobs\Status ................................ RUNNING
  2024-05-20 06:38:40 App\Jobs\Status ........................... 23.67ms DONE
  2024-05-20 06:38:46 App\Jobs\Status ................................ RUNNING
  2024-05-20 06:38:46 App\Jobs\Status ........................... 24.94ms DONE
  2024-05-20 06:39:41 App\Jobs\Status ................................ RUNNING
  2024-05-20 06:39:41 App\Jobs\Status ........................... 35.75ms DONE
  2024-05-20 06:45:06 App\Jobs\Message ............................... RUNNING
  2024-05-20 06:45:06 App\Jobs\Message .......................... 51.30ms FAIL
  2024-05-20 06:45:06 App\Jobs\Message ............................... RUNNING
  2024-05-20 06:45:06 App\Jobs\Message ........................... 9.52ms FAIL
  2024-05-20 06:45:06 App\Jobs\Message ............................... RUNNING
  2024-05-20 06:45:06 App\Jobs\Message .......................... 14.24ms FAIL
  2024-05-20 06:45:06 App\Jobs\Message ............................... RUNNING
  2024-05-20 06:45:06 App\Jobs\Message .......................... 25.34ms FAIL
  2024-05-20 06:45:06 App\Jobs\Message ............................... RUNNING
  2024-05-20 06:45:06 App\Jobs\Message .......................... 15.19ms FAIL
  2024-05-20 06:45:06 App\Jobs\Message ............................... RUNNING
  2024-05-20 06:45:06 App\Jobs\Message .......................... 13.09ms FAIL
  2024-05-20 06:46:17 App\Jobs\Message ............................... RUNNING
  2024-05-20 06:46:17 App\Jobs\Message ............................... RUNNING
  2024-05-20 06:46:17 App\Jobs\Message .......................... 23.11ms FAIL
  2024-05-20 06:46:17 App\Jobs\Message .......................... 29.29ms FAIL
  2024-05-20 06:46:17 App\Jobs\Message ............................... RUNNING
  2024-05-20 06:46:17 App\Jobs\Message ............................... RUNNING
  2024-05-20 06:46:17 App\Jobs\Message .......................... 17.88ms FAIL
  2024-05-20 06:46:17 App\Jobs\Message .......................... 20.79ms FAIL
  2024-05-20 06:46:17 App\Jobs\Message ............................... RUNNING
  2024-05-20 06:46:17 App\Jobs\Message ............................... RUNNING
  2024-05-20 06:46:17 App\Jobs\Message .......................... 15.36ms FAIL
  2024-05-20 06:46:17 App\Jobs\Message .......................... 14.46ms FAIL
  2024-05-20 06:47:30 App\Jobs\Message ............................... RUNNING
  2024-05-20 06:47:30 App\Jobs\Message .......................... 16.21ms FAIL
  2024-05-20 06:47:30 App\Jobs\Message ............................... RUNNING
  2024-05-20 06:47:30 App\Jobs\Message .......................... 11.74ms FAIL
  2024-05-20 06:47:30 App\Jobs\Message ............................... RUNNING
  2024-05-20 06:47:30 App\Jobs\Message .......................... 14.17ms FAIL
  2024-05-20 06:47:32 App\Jobs\Message ............................... RUNNING
  2024-05-20 06:47:32 App\Jobs\Message .......................... 17.88ms FAIL
  2024-05-20 06:47:32 App\Jobs\Message ............................... RUNNING
  2024-05-20 06:47:32 App\Jobs\Message .......................... 19.29ms FAIL
  2024-05-20 06:47:32 App\Jobs\Message ............................... RUNNING
  2024-05-20 06:47:32 App\Jobs\Message .......................... 11.01ms FAIL
  2024-05-20 06:51:08 App\Jobs\Message ............................... RUNNING
  2024-05-20 06:51:08 App\Jobs\Message .......................... 11.76ms FAIL
  2024-05-20 06:51:08 App\Jobs\Message ............................... RUNNING
  2024-05-20 06:51:08 App\Jobs\Message .......................... 12.95ms FAIL
  2024-05-20 06:51:08 App\Jobs\Message ............................... RUNNING
  2024-05-20 06:51:08 App\Jobs\Message .......................... 11.09ms FAIL
  2024-05-20 06:51:08 App\Jobs\Message ............................... RUNNING
  2024-05-20 06:51:08 App\Jobs\Message .......................... 12.35ms FAIL
  2024-05-20 06:51:08 App\Jobs\Message ............................... RUNNING
  2024-05-20 06:51:08 App\Jobs\Message ............................... RUNNING
  2024-05-20 06:51:08 App\Jobs\Message .......................... 16.37ms FAIL
  2024-05-20 06:51:08 App\Jobs\Message .......................... 21.95ms FAIL
  2024-05-20 06:55:15 App\Jobs\Message ............................... RUNNING
  2024-05-20 06:55:15 App\Jobs\Message ............................... RUNNING
  2024-05-20 06:55:16 App\Jobs\Message ......................... 737.90ms DONE
  2024-05-20 06:55:16 App\Jobs\Message ............................... 1s DONE
  2024-05-20 06:55:18 App\Jobs\Status ................................ RUNNING
  2024-05-20 06:55:18 App\Jobs\Status ........................... 16.87ms DONE
  2024-05-20 06:55:18 App\Jobs\Status ................................ RUNNING
  2024-05-20 06:55:18 App\Jobs\Status ........................... 21.39ms DONE
  2024-05-20 06:57:48 App\Jobs\Message ............................... RUNNING
  2024-05-20 06:57:49 App\Jobs\Message ......................... 530.26ms DONE
  2024-05-20 06:57:49 App\Jobs\Message ............................... RUNNING
  2024-05-20 06:57:49 App\Jobs\Message ......................... 472.03ms DONE
  2024-05-20 06:57:49 App\Jobs\Status ................................ RUNNING
  2024-05-20 06:57:49 App\Jobs\Status ........................... 33.01ms DONE
  2024-05-20 06:57:51 App\Jobs\Status ................................ RUNNING
  2024-05-20 06:57:51 App\Jobs\Status ........................... 22.00ms DONE
  2024-05-20 07:04:00 App\Jobs\Message ............................... RUNNING
  2024-05-20 07:04:01 App\Jobs\Message ......................... 753.53ms DONE
  2024-05-20 07:04:01 App\Jobs\Message ............................... RUNNING
  2024-05-20 07:04:01 App\Jobs\Message ......................... 451.33ms DONE
  2024-05-20 07:04:01 App\Jobs\Status ................................ RUNNING
  2024-05-20 07:04:02 App\Jobs\Status ........................... 17.38ms DONE
  2024-05-20 07:04:02 App\Jobs\Status ................................ RUNNING
  2024-05-20 07:04:02 App\Jobs\Status ........................... 22.56ms DONE
  2024-05-20 07:11:27 App\Jobs\Message ............................... RUNNING
  2024-05-20 07:11:27 App\Jobs\Message ............................... RUNNING
  2024-05-20 07:11:28 App\Jobs\Message ............................... 1s DONE
  2024-05-20 07:11:28 App\Jobs\Message ......................... 952.13ms DONE
  2024-05-20 07:11:29 App\Jobs\Status ................................ RUNNING
  2024-05-20 07:11:29 App\Jobs\Status ........................... 20.29ms DONE
  2024-05-20 07:11:29 App\Jobs\Status ................................ RUNNING
  2024-05-20 07:11:29 App\Jobs\Status ........................... 22.00ms DONE
  2024-05-20 07:13:43 App\Jobs\Message ............................... RUNNING
  2024-05-20 07:13:43 App\Jobs\Message ............................... RUNNING
  2024-05-20 07:13:44 App\Jobs\Message ............................... 1s DONE
  2024-05-20 07:13:44 App\Jobs\Message ............................... 1s DONE
  2024-05-20 07:13:46 App\Jobs\Status ................................ RUNNING
  2024-05-20 07:13:46 App\Jobs\Status ................................ RUNNING
  2024-05-20 07:13:46 App\Jobs\Status ........................... 32.82ms DONE
  2024-05-20 07:13:46 App\Jobs\Status ........................... 31.40ms DONE
  2024-05-20 07:17:11 App\Jobs\Message ............................... RUNNING
  2024-05-20 07:17:11 App\Jobs\Message ......................... 487.07ms DONE
  2024-05-20 07:17:11 App\Jobs\Message ............................... RUNNING
  2024-05-20 07:17:12 App\Jobs\Message ......................... 446.08ms DONE
  2024-05-20 07:17:12 App\Jobs\Status ................................ RUNNING
  2024-05-20 07:17:12 App\Jobs\Status ........................... 25.90ms DONE
  2024-05-20 07:17:14 App\Jobs\Status ................................ RUNNING
  2024-05-20 07:17:14 App\Jobs\Status ........................... 20.90ms DONE
  2024-05-20 07:23:03 App\Jobs\Status ................................ RUNNING
  2024-05-20 07:23:03 App\Jobs\Status .......................... 166.62ms DONE
  2024-05-20 07:23:06 App\Jobs\Status ................................ RUNNING
  2024-05-20 07:23:06 App\Jobs\Status ........................... 19.29ms DONE
  2024-05-20 07:24:14 App\Jobs\Message ............................... RUNNING
  2024-05-20 07:24:14 App\Jobs\Message ............................... RUNNING
  2024-05-20 07:24:14 App\Jobs\Message ......................... 474.44ms DONE
  2024-05-20 07:24:15 App\Jobs\Message ......................... 445.37ms DONE
  2024-05-20 07:24:15 App\Jobs\Status ................................ RUNNING
  2024-05-20 07:24:15 App\Jobs\Status ........................... 22.79ms DONE
  2024-05-20 07:24:17 App\Jobs\Status ................................ RUNNING
  2024-05-20 07:24:17 App\Jobs\Status ........................... 23.36ms DONE
  2024-05-20 07:25:29 App\Jobs\Status ................................ RUNNING
  2024-05-20 07:25:29 App\Jobs\Status ........................... 23.39ms DONE
  2024-05-20 07:25:33 App\Jobs\Status ................................ RUNNING
  2024-05-20 07:25:33 App\Jobs\Status ........................... 28.39ms DONE
  2024-05-20 07:25:44 App\Jobs\Status ................................ RUNNING
  2024-05-20 07:25:44 App\Jobs\Status ................................ RUNNING
  2024-05-20 07:25:44 App\Jobs\Status ........................... 25.86ms DONE
  2024-05-20 07:25:44 App\Jobs\Status ........................... 24.99ms DONE
  2024-05-20 07:27:41 App\Jobs\Status ................................ RUNNING
  2024-05-20 07:27:41 App\Jobs\Status ........................... 22.08ms DONE
  2024-05-20 07:27:45 App\Jobs\Status ................................ RUNNING
  2024-05-20 07:27:45 App\Jobs\Status ........................... 25.18ms DONE
  2024-05-20 07:27:45 App\Jobs\Status ................................ RUNNING
  2024-05-20 07:27:45 App\Jobs\Status ........................... 23.56ms DONE
  2024-05-20 07:33:15 App\Jobs\Message ............................... RUNNING
  2024-05-20 07:33:15 App\Jobs\Message ............................... RUNNING
  2024-05-20 07:33:15 App\Jobs\Message ......................... 465.52ms DONE
  2024-05-20 07:33:15 App\Jobs\Message ......................... 471.83ms DONE
  2024-05-20 07:33:16 App\Jobs\Status ................................ RUNNING
  2024-05-20 07:33:16 App\Jobs\Status ........................... 17.71ms DONE
  2024-05-20 07:33:16 App\Jobs\Status ................................ RUNNING
  2024-05-20 07:33:16 App\Jobs\Status ........................... 22.32ms DONE
  2024-05-20 07:42:24 App\Jobs\Message ............................... RUNNING
  2024-05-20 07:42:25 App\Jobs\Message ............................... RUNNING
  2024-05-20 07:42:26 App\Jobs\Message ............................... 1s DONE
  2024-05-20 07:42:26 App\Jobs\Message ............................... 1s DONE
  2024-05-20 07:42:28 App\Jobs\Status ................................ RUNNING
  2024-05-20 07:42:28 App\Jobs\Status ................................ RUNNING
  2024-05-20 07:42:28 App\Jobs\Status ........................... 26.10ms DONE
  2024-05-20 07:42:28 App\Jobs\Status ........................... 25.90ms DONE
  2024-05-20 07:42:34 App\Jobs\Status ................................ RUNNING
  2024-05-20 07:42:34 App\Jobs\Status ........................... 40.56ms DONE
  2024-05-20 07:43:10 App\Jobs\Status ................................ RUNNING
  2024-05-20 07:43:10 App\Jobs\Status ........................... 26.11ms DONE
  2024-05-20 07:53:49 App\Jobs\Message ............................... RUNNING
  2024-05-20 07:53:51 App\Jobs\Message ............................... 1s DONE
  2024-05-20 07:53:52 App\Jobs\Status ................................ RUNNING
  2024-05-20 07:53:53 App\Jobs\Status ........................... 91.30ms DONE
  2024-05-20 07:58:40 App\Jobs\Status ................................ RUNNING
  2024-05-20 07:58:40 App\Jobs\Status ........................... 37.63ms DONE
  2024-05-20 08:00:52 App\Jobs\Status ................................ RUNNING
  2024-05-20 08:00:52 App\Jobs\Status ........................... 25.53ms DONE
  2024-05-20 08:00:55 App\Jobs\Status ................................ RUNNING
  2024-05-20 08:00:55 App\Jobs\Status ........................... 25.01ms DONE
  2024-05-20 08:01:04 App\Jobs\Status ................................ RUNNING
  2024-05-20 08:01:04 App\Jobs\Status ........................... 22.45ms DONE
  2024-05-20 08:04:16 App\Jobs\Message ............................... RUNNING
  2024-05-20 08:04:17 App\Jobs\Message ......................... 605.49ms DONE
  2024-05-20 08:04:20 App\Jobs\Status ................................ RUNNING
  2024-05-20 08:04:20 App\Jobs\Status ........................... 30.86ms DONE
  2024-05-20 08:04:23 App\Jobs\Status ................................ RUNNING
  2024-05-20 08:04:23 App\Jobs\Status ........................... 20.97ms DONE
  2024-05-20 08:04:38 App\Jobs\Status ................................ RUNNING
  2024-05-20 08:04:38 App\Jobs\Status ........................... 19.76ms DONE
  2024-05-20 08:05:20 App\Jobs\Message ............................... RUNNING
  2024-05-20 08:05:20 App\Jobs\Message ......................... 473.91ms DONE
  2024-05-20 08:05:21 App\Jobs\Status ................................ RUNNING
  2024-05-20 08:05:21 App\Jobs\Status ........................... 27.34ms DONE
  2024-05-20 08:13:03 App\Jobs\Message ............................... RUNNING
  2024-05-20 08:13:03 App\Jobs\Message ......................... 593.77ms DONE
  2024-05-20 08:13:05 App\Jobs\Status ................................ RUNNING
  2024-05-20 08:13:05 App\Jobs\Status ........................... 22.05ms DONE
  2024-05-20 08:13:09 App\Jobs\Status ................................ RUNNING
  2024-05-20 08:13:09 App\Jobs\Status ........................... 19.02ms DONE
  2024-05-20 08:13:29 App\Jobs\Message ............................... RUNNING
  2024-05-20 08:13:30 App\Jobs\Message ......................... 466.46ms DONE
  2024-05-20 08:13:32 App\Jobs\Status ................................ RUNNING
  2024-05-20 08:13:32 App\Jobs\Status ........................... 18.42ms DONE
  2024-05-20 08:13:35 App\Jobs\Status ................................ RUNNING
  2024-05-20 08:13:35 App\Jobs\Status ........................... 20.24ms DONE
  2024-05-20 08:13:35 App\Jobs\Status ................................ RUNNING
  2024-05-20 08:13:35 App\Jobs\Status ........................... 19.53ms DONE
  2024-05-20 08:13:35 App\Jobs\Status ................................ RUNNING
  2024-05-20 08:13:35 App\Jobs\Status ........................... 26.73ms DONE
  2024-05-20 08:17:45 App\Jobs\Message ............................... RUNNING
  2024-05-20 08:17:45 App\Jobs\Message ............................... RUNNING
  2024-05-20 08:17:46 App\Jobs\Message ............................... 1s DONE
  2024-05-20 08:17:46 App\Jobs\Message ............................... 1s DONE
  2024-05-20 08:17:48 App\Jobs\Status ................................ RUNNING
  2024-05-20 08:17:48 App\Jobs\Status ................................ RUNNING
  2024-05-20 08:17:48 App\Jobs\Status ........................... 24.82ms DONE
  2024-05-20 08:17:48 App\Jobs\Status ........................... 27.62ms DONE
  2024-05-20 08:17:51 App\Jobs\Status ................................ RUNNING
  2024-05-20 08:17:51 App\Jobs\Status ................................ RUNNING
  2024-05-20 08:17:51 App\Jobs\Status ........................... 73.22ms DONE
  2024-05-20 08:17:51 App\Jobs\Status ........................... 71.84ms DONE
  2024-05-20 08:18:06 App\Jobs\Status ................................ RUNNING
  2024-05-20 08:18:06 App\Jobs\Status ........................... 17.98ms DONE
  2024-05-20 08:18:06 App\Jobs\Status ................................ RUNNING
  2024-05-20 08:18:06 App\Jobs\Status ........................... 16.75ms DONE
  2024-05-20 09:08:33 App\Jobs\Message ............................... RUNNING
  2024-05-20 09:08:36 App\Jobs\Message ............................... 2s DONE
  2024-05-20 09:08:38 App\Jobs\Status ................................ RUNNING
  2024-05-20 09:08:38 App\Jobs\Status ........................... 26.77ms DONE
  2024-05-20 09:08:44 App\Jobs\Status ................................ RUNNING
  2024-05-20 09:08:45 App\Jobs\Status ........................... 23.20ms DONE
  2024-05-20 10:01:14 App\Jobs\Status ................................ RUNNING
  2024-05-20 10:01:14 App\Jobs\Status ........................... 27.15ms DONE
  2024-05-20 11:48:59 App\Jobs\Message ............................... RUNNING
  2024-05-20 11:49:00 App\Jobs\Message ............................... 1s DONE
  2024-05-20 11:49:02 App\Jobs\Status ................................ RUNNING
  2024-05-20 11:49:02 App\Jobs\Status ........................... 27.05ms DONE
  2024-05-20 11:49:18 App\Jobs\Status ................................ RUNNING
  2024-05-20 11:49:18 App\Jobs\Status ........................... 23.94ms DONE
  2024-05-20 12:39:55 App\Jobs\Message ............................... RUNNING
  2024-05-20 12:39:57 App\Jobs\Message ............................... 1s DONE
  2024-05-20 12:41:20 App\Jobs\Message ............................... RUNNING
  2024-05-20 12:41:22 App\Jobs\Message ............................... 1s DONE
  2024-05-20 13:21:58 App\Jobs\Message ............................... RUNNING
  2024-05-20 13:22:00 App\Jobs\Message ............................... 2s DONE
  2024-05-20 13:22:02 App\Jobs\Status ................................ RUNNING
  2024-05-20 13:22:02 App\Jobs\Status ........................... 23.98ms DONE
  2024-05-20 13:22:14 App\Jobs\Status ................................ RUNNING
  2024-05-20 13:22:14 App\Jobs\Status ........................... 22.17ms DONE
  2024-05-20 13:22:23 App\Jobs\Message ............................... RUNNING
  2024-05-20 13:22:24 App\Jobs\Message ......................... 734.17ms DONE
  2024-05-20 13:22:25 App\Jobs\Status ................................ RUNNING
  2024-05-20 13:22:25 App\Jobs\Status ........................... 29.28ms DONE
  2024-05-20 13:26:10 App\Jobs\Status ................................ RUNNING
  2024-05-20 13:26:10 App\Jobs\Status ........................... 24.01ms DONE
  2024-05-20 13:26:42 App\Jobs\Status ................................ RUNNING
  2024-05-20 13:26:42 App\Jobs\Status ........................... 20.69ms DONE
  2024-05-20 13:40:19 App\Jobs\Status ................................ RUNNING
  2024-05-20 13:40:19 App\Jobs\Status ........................... 21.83ms DONE
  2024-05-20 15:00:48 App\Jobs\Message ............................... RUNNING
  2024-05-20 15:00:50 App\Jobs\Message ............................... 1s DONE
  2024-05-20 15:00:53 App\Jobs\Status ................................ RUNNING
  2024-05-20 15:00:53 App\Jobs\Status ........................... 23.41ms DONE
  2024-05-20 15:00:56 App\Jobs\Status ................................ RUNNING
  2024-05-20 15:00:56 App\Jobs\Status ........................... 21.96ms DONE
  2024-05-20 15:46:14 App\Jobs\Status ................................ RUNNING
  2024-05-20 15:46:14 App\Jobs\Status ........................... 20.34ms DONE
  2024-05-20 19:11:55 App\Jobs\Status ................................ RUNNING
  2024-05-20 19:11:55 App\Jobs\Status ........................... 26.17ms DONE
  2024-05-22 14:54:48 App\Jobs\Message ............................... RUNNING
  2024-05-22 14:54:50 App\Jobs\Message ............................... 1s DONE
  2024-05-22 14:54:51 App\Jobs\Status ................................ RUNNING
  2024-05-22 14:54:51 App\Jobs\Status ........................... 24.90ms DONE
  2024-05-28 10:25:15 App\Jobs\Message ............................... RUNNING
  2024-05-28 10:25:16 App\Jobs\Message ............................... 1s DONE
  2024-05-28 10:25:18 App\Jobs\Status ................................ RUNNING
  2024-05-28 10:25:18 App\Jobs\Status ........................... 28.23ms DONE
  2024-05-28 10:25:25 App\Jobs\Status ................................ RUNNING
  2024-05-28 10:25:25 App\Jobs\Status ........................... 18.69ms DONE
  2024-05-28 10:25:33 App\Jobs\Status ................................ RUNNING
  2024-05-28 10:25:33 App\Jobs\Status ........................... 34.58ms DONE
  2024-06-10 09:06:19 App\Jobs\Message ............................... RUNNING
  2024-06-10 09:06:19 App\Jobs\Message ............................... RUNNING
  2024-06-10 09:06:21 App\Jobs\Message ............................... RUNNING
  2024-06-10 09:06:21 App\Jobs\Message ............................... 1s DONE
  2024-06-10 09:06:21 App\Jobs\Message ............................... 1s DONE
  2024-06-10 09:06:21 App\Jobs\Message ......................... 689.33ms DONE
  2024-06-10 09:06:22 App\Jobs\Message ............................... RUNNING
  2024-06-10 09:06:22 App\Jobs\Status ................................ RUNNING
  2024-06-10 09:06:22 App\Jobs\Status ........................... 26.20ms DONE
  2024-06-10 09:06:22 App\Jobs\Status ................................ RUNNING
  2024-06-10 09:06:22 App\Jobs\Status ........................... 25.01ms DONE
  2024-06-10 09:06:22 App\Jobs\Message ............................... RUNNING
  2024-06-10 09:06:23 App\Jobs\Message ......................... 487.58ms DONE
  2024-06-10 09:06:23 App\Jobs\Message ......................... 858.59ms DONE
  2024-06-10 09:06:23 App\Jobs\Status ................................ RUNNING
  2024-06-10 09:06:23 App\Jobs\Status ........................... 27.58ms DONE
  2024-06-10 09:06:24 App\Jobs\Status ................................ RUNNING
  2024-06-10 09:06:24 App\Jobs\Status ........................... 20.12ms DONE
  2024-06-10 09:06:25 App\Jobs\Status ................................ RUNNING
  2024-06-10 09:06:25 App\Jobs\Status ........................... 21.71ms DONE
  2024-06-10 09:06:27 App\Jobs\Status ................................ RUNNING
  2024-06-10 09:06:27 App\Jobs\Status ........................... 22.51ms DONE
  2024-06-10 09:06:27 App\Jobs\Status ................................ RUNNING
  2024-06-10 09:06:27 App\Jobs\Status ........................... 19.01ms DONE
  2024-06-10 09:06:29 App\Jobs\Status ................................ RUNNING
  2024-06-10 09:06:29 App\Jobs\Status ........................... 23.26ms DONE
  2024-06-10 09:06:30 App\Jobs\Status ................................ RUNNING
  2024-06-10 09:06:30 App\Jobs\Status ........................... 25.21ms DONE
  2024-06-10 09:06:30 App\Jobs\Status ................................ RUNNING
  2024-06-10 09:06:30 App\Jobs\Status ........................... 16.82ms DONE
  2024-06-10 09:40:04 App\Jobs\Status ................................ RUNNING
  2024-06-10 09:40:04 App\Jobs\Status ........................... 36.01ms DONE
  2024-06-10 09:51:26 App\Jobs\Status ................................ RUNNING
  2024-06-10 09:51:26 App\Jobs\Status ........................... 23.15ms DONE
  2024-06-10 14:23:28 App\Jobs\Message ............................... RUNNING
  2024-06-10 14:23:30 App\Jobs\Message ............................... 1s DONE
  2024-06-10 14:23:32 App\Jobs\Status ................................ RUNNING
  2024-06-10 14:23:32 App\Jobs\Status ........................... 26.85ms DONE
  2024-06-10 14:23:37 App\Jobs\Status ................................ RUNNING
  2024-06-10 14:23:37 App\Jobs\Status ........................... 22.53ms DONE
  2024-06-10 14:25:34 App\Jobs\Status ................................ RUNNING
  2024-06-10 14:25:34 App\Jobs\Status ........................... 23.61ms DONE
  2024-06-29 10:06:32 App\Jobs\Message ............................... RUNNING
  2024-06-29 10:06:33 App\Jobs\Message ......................... 901.63ms DONE
  2024-06-29 10:06:34 App\Jobs\Status ................................ RUNNING
  2024-06-29 10:06:34 App\Jobs\Status ........................... 33.23ms DONE
  2024-06-29 10:11:01 App\Jobs\Message ............................... RUNNING
  2024-06-29 10:11:02 App\Jobs\Message ............................... 1s DONE
  2024-06-29 10:11:03 App\Jobs\Status ................................ RUNNING
  2024-06-29 10:11:03 App\Jobs\Status ........................... 24.47ms DONE
  2024-06-29 10:12:41 App\Jobs\Message ............................... RUNNING
  2024-06-29 10:12:42 App\Jobs\Message ......................... 634.94ms DONE
  2024-06-29 10:12:43 App\Jobs\Status ................................ RUNNING
  2024-06-29 10:12:43 App\Jobs\Status ........................... 28.53ms DONE
  2024-06-29 10:12:51 App\Jobs\Status ................................ RUNNING
  2024-06-29 10:12:51 App\Jobs\Status ........................... 30.03ms DONE
  2024-06-29 10:16:31 App\Jobs\Message ............................... RUNNING
  2024-06-29 10:16:32 App\Jobs\Message ......................... 541.65ms DONE
  2024-06-29 10:16:33 App\Jobs\Status ................................ RUNNING
  2024-06-29 10:16:33 App\Jobs\Status ........................... 22.55ms DONE
  2024-06-29 10:16:39 App\Jobs\Status ................................ RUNNING
  2024-06-29 10:16:39 App\Jobs\Status ........................... 24.20ms DONE
  2024-06-29 10:16:57 App\Jobs\Status ................................ RUNNING
  2024-06-29 10:16:57 App\Jobs\Status ........................... 26.53ms DONE
